<?xml version="1.0" encoding="ISO-2022-KR"?>abcdefghijklmnopqrstuvwxyz
1234567890
ABCDEFGHIJKLMNOPQRSTUVWXYZ