<?xml version="1.0" encoding="x-MS950-HKSCS"?>abcdefghijklmnopqrstuvwxyz
1234567890
ABCDEFGHIJKLMNOPQRSTUVWXYZ