<?xml version="1.0" encoding="x-euc-jp-linux"?>abcdefghijklmnopqrstuvwxyz
1234567890
ABCDEFGHIJKLMNOPQRSTUVWXYZ