<?xml version="1.0" encoding="IBM-775"?>abcdefghijklmnopqrstuvwxyz
1234567890
ABCDEFGHIJKLMNOPQRSTUVWXYZ