<?xml version="1.0" encoding="IBM-858"?>abcdefghijklmnopqrstuvwxyz
1234567890
ABCDEFGHIJKLMNOPQRSTUVWXYZ