<?xml version="1.0" encoding="IBM-922"?>abcdefghijklmnopqrstuvwxyz
1234567890
ABCDEFGHIJKLMNOPQRSTUVWXYZ