<?xml version="1.0" encoding="ISO-8859-6S"?>abcdefghijklmnopqrstuvwxyz
1234567890
ABCDEFGHIJKLMNOPQRSTUVWXYZ