<?xml version="1.0" encoding="IBM-1115"?>abcdefghijklmnopqrstuvwxyz
1234567890
ABCDEFGHIJKLMNOPQRSTUVWXYZ