<?xml version="1.0" encoding="ISO-2022-CN-GB"?>abcdefghijklmnopqrstuvwxyz
1234567890
ABCDEFGHIJKLMNOPQRSTUVWXYZ