<?xml version="1.0" encoding="JIS_X0212-1990"?>abcdefghijklmnopqrstuvwxyz
1234567890
ABCDEFGHIJKLMNOPQRSTUVWXYZ