<?xml version="1.0" encoding="Big5-HKSCS"?>abcdefghijklmnopqrstuvwxyz
1234567890
ABCDEFGHIJKLMNOPQRSTUVWXYZ